{"name": "test_login_with_invalid_credentials", "status": "failed", "statusDetails": {"message": "AssertionError: assert False\n +  where False = <method-wrapper '__contains__' of str object at 0x000001AC823ADE30>('Warning: No match for E-Mail Address and/or Password.ABC')\n +    where <method-wrapper '__contains__' of str object at 0x000001AC823ADE30> = 'Warning: No match for E-Mail Address and/or Password.'.__contains__\n +      where 'Warning: No match for E-Mail Address and/or Password.' = <selenium.webdriver.remote.webelement.WebElement (session=\"31aa7b07bf496ec2e85b259711a45ca6\", element=\"f.FE908B77C982E0DC9BB13838A2C2EA01.d.8FB59CC8A59BC0E1732D015C1FEDAF31.e.63\")>.text\n +        where <selenium.webdriver.remote.webelement.WebElement (session=\"31aa7b07bf496ec2e85b259711a45ca6\", element=\"f.FE908B77C982E0DC9BB13838A2C2EA01.d.8FB59CC8A59BC0E1732D015C1FEDAF31.e.63\")> = find_element('xpath', \"//div[@id='account-login']/div[1]\")\n +          where find_element = <selenium.webdriver.chrome.webdriver.WebDriver (session=\"31aa7b07bf496ec2e85b259711a45ca6\")>.find_element\n +            where <selenium.webdriver.chrome.webdriver.WebDriver (session=\"31aa7b07bf496ec2e85b259711a45ca6\")> = <PYTEST.test_3.test_login.TestLogin object at 0x000001AC82327110>.driver\n +          and   'xpath' = By.XPATH", "trace": "self = <PYTEST.test_3.test_login.TestLogin object at 0x000001AC82327110>\n\n    @allure.severity(allure.severity_level.BLOCKER)\n    def test_login_with_invalid_credentials(self):\n        self.driver.find_element(By.XPATH, \"//a[@title='My Account']\").click()\n        self.driver.find_element(By.LINK_TEXT, \"Login\").click()\n        self.driver.find_element(By.ID, \"input-email\").send_keys(\"\")\n        self.driver.find_element(By.ID, \"input-password\").send_keys(\"\")\n        self.driver.find_element(By.XPATH, \"//input[@value='Login']\").click()\n    \n        expected_warning_message = \"Warning: No match for E-Mail Address and/or Password.ABC\"\n        # Now error message having not only text include, I tags so i will check contains\n        self.wait = WebDriverWait(self.driver, 10)\n        self.element = self.wait.until(EC.presence_of_element_located((By.XPATH, \"//div[@id='account-login']/div[1]\")))\n    \n>       assert self.driver.find_element(By.XPATH, \"//div[@id='account-login']/div[1]\").text.__contains__(\n            expected_warning_message)\nE       assert False\nE        +  where False = <method-wrapper '__contains__' of str object at 0x000001AC823ADE30>('Warning: No match for E-Mail Address and/or Password.ABC')\nE        +    where <method-wrapper '__contains__' of str object at 0x000001AC823ADE30> = 'Warning: No match for E-Mail Address and/or Password.'.__contains__\nE        +      where 'Warning: No match for E-Mail Address and/or Password.' = <selenium.webdriver.remote.webelement.WebElement (session=\"31aa7b07bf496ec2e85b259711a45ca6\", element=\"f.FE908B77C982E0DC9BB13838A2C2EA01.d.8FB59CC8A59BC0E1732D015C1FEDAF31.e.63\")>.text\nE        +        where <selenium.webdriver.remote.webelement.WebElement (session=\"31aa7b07bf496ec2e85b259711a45ca6\", element=\"f.FE908B77C982E0DC9BB13838A2C2EA01.d.8FB59CC8A59BC0E1732D015C1FEDAF31.e.63\")> = find_element('xpath', \"//div[@id='account-login']/div[1]\")\nE        +          where find_element = <selenium.webdriver.chrome.webdriver.WebDriver (session=\"31aa7b07bf496ec2e85b259711a45ca6\")>.find_element\nE        +            where <selenium.webdriver.chrome.webdriver.WebDriver (session=\"31aa7b07bf496ec2e85b259711a45ca6\")> = <PYTEST.test_3.test_login.TestLogin object at 0x000001AC82327110>.driver\nE        +          and   'xpath' = By.XPATH\n\ntest_login.py:38: AssertionError"}, "start": 1761483799364, "stop": 1761483800565, "uuid": "32c7e1af-d2d9-48de-afa9-a863734664cc", "historyId": "053d68a8a3c7e7c127b66b08a447a3ee", "testCaseId": "053d68a8a3c7e7c127b66b08a447a3ee", "fullName": "test_login.TestLogin#test_login_with_invalid_credentials", "labels": [{"name": "severity", "value": "blocker"}, {"name": "suite", "value": "test_login"}, {"name": "subSuite", "value": "TestLogin"}, {"name": "host", "value": "DESKTOP-4222FVV"}, {"name": "thread", "value": "17460-MainThread"}, {"name": "framework", "value": "pytest"}, {"name": "language", "value": "cpython3"}, {"name": "package", "value": "test_login"}], "titlePath": ["test_login.py", "TestLogin"]}