{"name": "test_login_with_invalid_credentials", "status": "failed", "statusDetails": {"message": "AssertionError: assert False\n +  where False = <method-wrapper '__contains__' of str object at 0x000001FB320EDE30>('Warning: No match for E-Mail Address and/or Password.ABC')\n +    where <method-wrapper '__contains__' of str object at 0x000001FB320EDE30> = 'Warning: No match for E-Mail Address and/or Password.'.__contains__\n +      where 'Warning: No match for E-Mail Address and/or Password.' = <selenium.webdriver.remote.webelement.WebElement (session=\"cb151fc93d3d89ce4cf05bfa4421ce85\", element=\"f.592C8F1E9C59592AD7EA1505C51E4DF4.d.D0BE0408C128648C26B981D40F1BEBE8.e.62\")>.text\n +        where <selenium.webdriver.remote.webelement.WebElement (session=\"cb151fc93d3d89ce4cf05bfa4421ce85\", element=\"f.592C8F1E9C59592AD7EA1505C51E4DF4.d.D0BE0408C128648C26B981D40F1BEBE8.e.62\")> = find_element('xpath', \"//div[@id='account-login']/div[1]\")\n +          where find_element = <selenium.webdriver.chrome.webdriver.WebDriver (session=\"cb151fc93d3d89ce4cf05bfa4421ce85\")>.find_element\n +            where <selenium.webdriver.chrome.webdriver.WebDriver (session=\"cb151fc93d3d89ce4cf05bfa4421ce85\")> = <PYTEST.test_3.test_login.TestLogin object at 0x000001FB32067110>.driver\n +          and   'xpath' = By.XPATH", "trace": "self = <PYTEST.test_3.test_login.TestLogin object at 0x000001FB32067110>\n\n    @allure.severity(allure.severity_level.BLOCKER)\n    def test_login_with_invalid_credentials(self):\n        self.driver.find_element(By.XPATH, \"//a[@title='My Account']\").click()\n        self.driver.find_element(By.LINK_TEXT, \"Login\").click()\n        self.driver.find_element(By.ID, \"input-email\").send_keys(\"\")\n        self.driver.find_element(By.ID, \"input-password\").send_keys(\"\")\n        self.driver.find_element(By.XPATH, \"//input[@value='Login']\").click()\n    \n        expected_warning_message = \"Warning: No match for E-Mail Address and/or Password.ABC\"\n        # Now error message having not only text include, I tags so i will check contains\n        self.wait = WebDriverWait(self.driver, 10)\n        self.element = self.wait.until(EC.presence_of_element_located((By.XPATH, \"//div[@id='account-login']/div[1]\")))\n    \n>       assert self.driver.find_element(By.XPATH, \"//div[@id='account-login']/div[1]\").text.__contains__(\n            expected_warning_message)\nE       assert False\nE        +  where False = <method-wrapper '__contains__' of str object at 0x000001FB320EDE30>('Warning: No match for E-Mail Address and/or Password.ABC')\nE        +    where <method-wrapper '__contains__' of str object at 0x000001FB320EDE30> = 'Warning: No match for E-Mail Address and/or Password.'.__contains__\nE        +      where 'Warning: No match for E-Mail Address and/or Password.' = <selenium.webdriver.remote.webelement.WebElement (session=\"cb151fc93d3d89ce4cf05bfa4421ce85\", element=\"f.592C8F1E9C59592AD7EA1505C51E4DF4.d.D0BE0408C128648C26B981D40F1BEBE8.e.62\")>.text\nE        +        where <selenium.webdriver.remote.webelement.WebElement (session=\"cb151fc93d3d89ce4cf05bfa4421ce85\", element=\"f.592C8F1E9C59592AD7EA1505C51E4DF4.d.D0BE0408C128648C26B981D40F1BEBE8.e.62\")> = find_element('xpath', \"//div[@id='account-login']/div[1]\")\nE        +          where find_element = <selenium.webdriver.chrome.webdriver.WebDriver (session=\"cb151fc93d3d89ce4cf05bfa4421ce85\")>.find_element\nE        +            where <selenium.webdriver.chrome.webdriver.WebDriver (session=\"cb151fc93d3d89ce4cf05bfa4421ce85\")> = <PYTEST.test_3.test_login.TestLogin object at 0x000001FB32067110>.driver\nE        +          and   'xpath' = By.XPATH\n\ntest_login.py:38: AssertionError"}, "start": 1761483687391, "stop": 1761483688616, "uuid": "86ab6601-6f85-4fc3-8424-1680cbfa6321", "historyId": "053d68a8a3c7e7c127b66b08a447a3ee", "testCaseId": "053d68a8a3c7e7c127b66b08a447a3ee", "fullName": "test_login.TestLogin#test_login_with_invalid_credentials", "labels": [{"name": "severity", "value": "blocker"}, {"name": "suite", "value": "test_login"}, {"name": "subSuite", "value": "TestLogin"}, {"name": "host", "value": "DESKTOP-4222FVV"}, {"name": "thread", "value": "5292-MainThread"}, {"name": "framework", "value": "pytest"}, {"name": "language", "value": "cpython3"}, {"name": "package", "value": "test_login"}], "titlePath": ["test_login.py", "TestLogin"]}