{"name": "test_login_with_invalid_credentials[chrome]", "status": "failed", "statusDetails": {"message": "AssertionError: assert False\n +  where False = <method-wrapper '__contains__' of str object at 0x00000290D54BF690>('Warning: No match for E-Mail Address and/or Password.ABC')\n +    where <method-wrapper '__contains__' of str object at 0x00000290D54BF690> = 'Warning: No match for E-Mail Address and/or Password.'.__contains__\n +      where 'Warning: No match for E-Mail Address and/or Password.' = <selenium.webdriver.remote.webelement.WebElement (session=\"760f3f858f2d94f08296c1aa072f6bab\", element=\"f.82B3171ECDEBDB96B67F403CA922B4D2.d.BB54F63990E911F86E9FFC11ABD57C61.e.99\")>.text\n +        where <selenium.webdriver.remote.webelement.WebElement (session=\"760f3f858f2d94f08296c1aa072f6bab\", element=\"f.82B3171ECDEBDB96B67F403CA922B4D2.d.BB54F63990E911F86E9FFC11ABD57C61.e.99\")> = find_element('xpath', \"//div[@id='account-login']/div[1]\")\n +          where find_element = <selenium.webdriver.chrome.webdriver.WebDriver (session=\"760f3f858f2d94f08296c1aa072f6bab\")>.find_element\n +            where <selenium.webdriver.chrome.webdriver.WebDriver (session=\"760f3f858f2d94f08296c1aa072f6bab\")> = <PYTEST.test_3.test_login.TestLogin object at 0x00000290D53F6C40>.driver\n +          and   'xpath' = By.XPATH", "trace": "self = <PYTEST.test_3.test_login.TestLogin object at 0x00000290D53F6C40>\n\n    @allure.severity(allure.severity_level.BLOCKER)\n    def test_login_with_invalid_credentials(self):\n        self.driver.find_element(By.XPATH, \"//a[@title='My Account']\").click()\n        self.driver.find_element(By.LINK_TEXT, \"Login\").click()\n        self.driver.find_element(By.ID, \"input-email\").send_keys(\"\")\n        self.driver.find_element(By.ID, \"input-password\").send_keys(\"\")\n        self.driver.find_element(By.XPATH, \"//input[@value='Login']\").click()\n    \n        expected_warning_message = \"Warning: No match for E-Mail Address and/or Password.ABC\"\n        # Now error message having not only text include, I tags so i will check contains\n        self.wait = WebDriverWait(self.driver, 10)\n        self.element = self.wait.until(EC.presence_of_element_located((By.XPATH, \"//div[@id='account-login']/div[1]\")))\n    \n        allure.attach(self.driver.get_screenshot_as_png(), name=\"login_without_entering_credentials\",\n                      attachment_type=AttachmentType.PNG)\n    \n>       assert self.driver.find_element(By.XPATH, \"//div[@id='account-login']/div[1]\").text.__contains__(\n            expected_warning_message)\nE       assert False\nE        +  where False = <method-wrapper '__contains__' of str object at 0x00000290D54BF690>('Warning: No match for E-Mail Address and/or Password.ABC')\nE        +    where <method-wrapper '__contains__' of str object at 0x00000290D54BF690> = 'Warning: No match for E-Mail Address and/or Password.'.__contains__\nE        +      where 'Warning: No match for E-Mail Address and/or Password.' = <selenium.webdriver.remote.webelement.WebElement (session=\"760f3f858f2d94f08296c1aa072f6bab\", element=\"f.82B3171ECDEBDB96B67F403CA922B4D2.d.BB54F63990E911F86E9FFC11ABD57C61.e.99\")>.text\nE        +        where <selenium.webdriver.remote.webelement.WebElement (session=\"760f3f858f2d94f08296c1aa072f6bab\", element=\"f.82B3171ECDEBDB96B67F403CA922B4D2.d.BB54F63990E911F86E9FFC11ABD57C61.e.99\")> = find_element('xpath', \"//div[@id='account-login']/div[1]\")\nE        +          where find_element = <selenium.webdriver.chrome.webdriver.WebDriver (session=\"760f3f858f2d94f08296c1aa072f6bab\")>.find_element\nE        +            where <selenium.webdriver.chrome.webdriver.WebDriver (session=\"760f3f858f2d94f08296c1aa072f6bab\")> = <PYTEST.test_3.test_login.TestLogin object at 0x00000290D53F6C40>.driver\nE        +          and   'xpath' = By.XPATH\n\ntest_login.py:41: AssertionError"}, "attachments": [{"name": "login_without_entering_credentials", "source": "53ede601-7cca-48f6-a96c-2cb21f61ed54-attachment.png", "type": "image/png"}], "parameters": [{"name": "setup_and_teardown", "value": "'chrome'"}], "start": 1761483986805, "stop": 1761483988663, "uuid": "5b1d536c-6aa3-4dd9-9225-eb84aae70a6d", "historyId": "4ca0d2190bbbeef7a76334416a85432c", "testCaseId": "053d68a8a3c7e7c127b66b08a447a3ee", "fullName": "test_login.TestLogin#test_login_with_invalid_credentials", "labels": [{"name": "severity", "value": "blocker"}, {"name": "suite", "value": "test_login"}, {"name": "subSuite", "value": "TestLogin"}, {"name": "host", "value": "DESKTOP-4222FVV"}, {"name": "thread", "value": "11876-MainThread"}, {"name": "framework", "value": "pytest"}, {"name": "language", "value": "cpython3"}, {"name": "package", "value": "test_login"}], "titlePath": ["test_login.py", "TestLogin"]}