{"name": "test_login_with_invalid_credentials[edge]", "status": "failed", "statusDetails": {"message": "AssertionError: assert False\n +  where False = <method-wrapper '__contains__' of str object at 0x00000290D55357D0>('Warning: No match for E-Mail Address and/or Password.ABC')\n +    where <method-wrapper '__contains__' of str object at 0x00000290D55357D0> = 'Warning: No match for E-Mail Address and/or Password.'.__contains__\n +      where 'Warning: No match for E-Mail Address and/or Password.' = <selenium.webdriver.remote.webelement.WebElement (session=\"22cf836936fac1ab5eb9b42afd0368ac\", element=\"f.CA6D4CDF72678686FCFF7DB823F1C391.d.0265E8FAE7F94F9F741741403DDA1F67.e.101\")>.text\n +        where <selenium.webdriver.remote.webelement.WebElement (session=\"22cf836936fac1ab5eb9b42afd0368ac\", element=\"f.CA6D4CDF72678686FCFF7DB823F1C391.d.0265E8FAE7F94F9F741741403DDA1F67.e.101\")> = find_element('xpath', \"//div[@id='account-login']/div[1]\")\n +          where find_element = <selenium.webdriver.edge.webdriver.WebDriver (session=\"22cf836936fac1ab5eb9b42afd0368ac\")>.find_element\n +            where <selenium.webdriver.edge.webdriver.WebDriver (session=\"22cf836936fac1ab5eb9b42afd0368ac\")> = <PYTEST.test_3.test_login.TestLogin object at 0x00000290D5426BE0>.driver\n +          and   'xpath' = By.XPATH", "trace": "self = <PYTEST.test_3.test_login.TestLogin object at 0x00000290D5426BE0>\n\n    @allure.severity(allure.severity_level.BLOCKER)\n    def test_login_with_invalid_credentials(self):\n        self.driver.find_element(By.XPATH, \"//a[@title='My Account']\").click()\n        self.driver.find_element(By.LINK_TEXT, \"Login\").click()\n        self.driver.find_element(By.ID, \"input-email\").send_keys(\"\")\n        self.driver.find_element(By.ID, \"input-password\").send_keys(\"\")\n        self.driver.find_element(By.XPATH, \"//input[@value='Login']\").click()\n    \n        expected_warning_message = \"Warning: No match for E-Mail Address and/or Password.ABC\"\n        # Now error message having not only text include, I tags so i will check contains\n        self.wait = WebDriverWait(self.driver, 10)\n        self.element = self.wait.until(EC.presence_of_element_located((By.XPATH, \"//div[@id='account-login']/div[1]\")))\n    \n        allure.attach(self.driver.get_screenshot_as_png(), name=\"login_without_entering_credentials\",\n                      attachment_type=AttachmentType.PNG)\n    \n>       assert self.driver.find_element(By.XPATH, \"//div[@id='account-login']/div[1]\").text.__contains__(\n            expected_warning_message)\nE       assert False\nE        +  where False = <method-wrapper '__contains__' of str object at 0x00000290D55357D0>('Warning: No match for E-Mail Address and/or Password.ABC')\nE        +    where <method-wrapper '__contains__' of str object at 0x00000290D55357D0> = 'Warning: No match for E-Mail Address and/or Password.'.__contains__\nE        +      where 'Warning: No match for E-Mail Address and/or Password.' = <selenium.webdriver.remote.webelement.WebElement (session=\"22cf836936fac1ab5eb9b42afd0368ac\", element=\"f.CA6D4CDF72678686FCFF7DB823F1C391.d.0265E8FAE7F94F9F741741403DDA1F67.e.101\")>.text\nE        +        where <selenium.webdriver.remote.webelement.WebElement (session=\"22cf836936fac1ab5eb9b42afd0368ac\", element=\"f.CA6D4CDF72678686FCFF7DB823F1C391.d.0265E8FAE7F94F9F741741403DDA1F67.e.101\")> = find_element('xpath', \"//div[@id='account-login']/div[1]\")\nE        +          where find_element = <selenium.webdriver.edge.webdriver.WebDriver (session=\"22cf836936fac1ab5eb9b42afd0368ac\")>.find_element\nE        +            where <selenium.webdriver.edge.webdriver.WebDriver (session=\"22cf836936fac1ab5eb9b42afd0368ac\")> = <PYTEST.test_3.test_login.TestLogin object at 0x00000290D5426BE0>.driver\nE        +          and   'xpath' = By.XPATH\n\ntest_login.py:41: AssertionError"}, "attachments": [{"name": "login_without_entering_credentials", "source": "ed4c4660-e3be-4394-8eae-79be8864b52d-attachment.png", "type": "image/png"}, {"name": "log", "source": "fa07a5cc-f3f8-4eda-8b2c-3947de985648-attachment.txt", "type": "text/plain"}], "parameters": [{"name": "setup_and_teardown", "value": "'edge'"}], "start": 1761484004795, "stop": 1761484005936, "uuid": "1b790b17-ea03-4623-9bdb-e890a51ed8f1", "historyId": "056381f23b07b2d5b07a9a1cb738b69c", "testCaseId": "053d68a8a3c7e7c127b66b08a447a3ee", "fullName": "test_login.TestLogin#test_login_with_invalid_credentials", "labels": [{"name": "severity", "value": "blocker"}, {"name": "suite", "value": "test_login"}, {"name": "subSuite", "value": "TestLogin"}, {"name": "host", "value": "DESKTOP-4222FVV"}, {"name": "thread", "value": "11876-MainThread"}, {"name": "framework", "value": "pytest"}, {"name": "language", "value": "cpython3"}, {"name": "package", "value": "test_login"}], "titlePath": ["test_login.py", "TestLogin"]}